<?xml version="1.0" encoding="UTF-8"?>
<!-- Generated by org.testng.reporters.JUnitReportReporter -->
<testsuite hostname="Geetha" failures="0" tests="1" name="com.automation.testscripts.AllAutomationSalesForce" time="19.697" errors="0" timestamp="2023-06-06T19:36:31 PDT" skipped="0">
  <testcase classname="com.automation.testscripts.AllAutomationSalesForce" name="Create_Account_Report_TestScript_14" time="19.697"/>
  <system-out/>
</testsuite> <!-- com.automation.testscripts.AllAutomationSalesForce -->
